<?xml version="1.0" encoding="UTF-8"?>
<testsuite xmlns:xsi="http://www.w3.org/2001/XMLSchema-instance" xsi:noNamespaceSchemaLocation="https://maven.apache.org/surefire/maven-surefire-plugin/xsd/surefire-test-report.xsd" name="TestSuite" time="36.705" tests="3" errors="0" skipped="0" failures="0">
  <properties>
[...]
</properties>
  <testcase name="test" classname="tasks.TC_tasks_001_Test" time="6.473"/>
  <testcase name="test" classname="tasks.TC_tasks_002_Test" time="9.306"/>
  <testcase name="test" classname="tasks.TC_tasks_003_Test" time="6.461"/>
</testsuite>