<?xml version="1.0" encoding="UTF-8"?>
<!-- Generated by org.testng.reporters.JUnitXMLReporter -->
<testsuite hostname="DESKTOP-00MUBMV" ignored="0" name="Test" tests="3" failures="0" timestamp="2022-08-03T12:11:39 IST" time="35.157" errors="0">
  <testcase name="test" time="6.457" classname="tasks.TC_tasks_001_Test"/>
  <testcase name="test" time="9.307" classname="tasks.TC_tasks_002_Test"/>
  <testcase name="test" time="6.462" classname="tasks.TC_tasks_003_Test"/>
</testsuite> <!-- Test -->
